Waiting for job...
Initiating friend location retrieval task for 6 facebook users.
Waiting for job...
Fetching friend location information for facebook user: 829179171
Waiting for job...
Fetching friend location information for facebook user: 670823690
Waiting for job...
Fetching friend location information for facebook user: 509239733
Waiting for job...
Fetching friend location information for facebook user: 509239733
Waiting for job...
Fetching friend location information for facebook user: 532013246
Waiting for job...
Fetching friend location information for facebook user: 518011071
Waiting for job...
Initiating friend location retrieval task for 6 facebook users.
Waiting for job...
Fetching friend location information for facebook user: 829179171
Waiting for job...
Fetching friend location information for facebook user: 670823690
Waiting for job...
Fetching friend location information for facebook user: 509239733
Waiting for job...
Fetching friend location information for facebook user: 509239733
Waiting for job...
Fetching friend location information for facebook user: 532013246
Waiting for job...
Fetching friend location information for facebook user: 518011071
Waiting for job...
Initiating friend location retrieval task for 6 facebook users.
Waiting for job...
Fetching friend location information for facebook user: 829179171
Waiting for job...
Fetching friend location information for facebook user: 670823690
Waiting for job...
Fetching friend location information for facebook user: 509239733
Waiting for job...
Fetching friend location information for facebook user: 509239733
Waiting for job...
Fetching friend location information for facebook user: 532013246
Waiting for job...
Fetching friend location information for facebook user: 518011071
Waiting for job...
Initiating friend location retrieval task for 6 facebook users.
Waiting for job...
Fetching friend location information for facebook user: 829179171
Waiting for job...
Fetching friend location information for facebook user: 670823690
Waiting for job...
Fetching friend location information for facebook user: 509239733
Waiting for job...
Fetching friend location information for facebook user: 509239733
Waiting for job...
Fetching friend location information for facebook user: 532013246
Waiting for job...
Fetching friend location information for facebook user: 518011071
Waiting for job...
Initiating friend location retrieval task for 6 facebook users.
Waiting for job...
Fetching friend location information for facebook user: 829179171
Waiting for job...
Fetching friend location information for facebook user: 670823690
Waiting for job...
Fetching friend location information for facebook user: 509239733
Waiting for job...
Fetching friend location information for facebook user: 509239733
Waiting for job...
Fetching friend location information for facebook user: 532013246
Waiting for job...
Fetching friend location information for facebook user: 518011071
Fetching profile information for facebook user: 1248713654
Fetching avatar for facebook user: 1248713654
Duplicate location not added.
Waiting for job...
Initiating friend location retrieval task for 6 facebook users.
Waiting for job...
Fetching friend location information for facebook user: 829179171
Waiting for job...
Fetching friend location information for facebook user: 670823690
Waiting for job...
Fetching friend location information for facebook user: 509239733
Waiting for job...
Fetching friend location information for facebook user: 509239733
Waiting for job...
Fetching friend location information for facebook user: 532013246
Waiting for job...
Fetching friend location information for facebook user: 518011071
Fetching profile information for facebook user: 1248713654
Fetching avatar for facebook user: 1248713654
Duplicate location not added.
Waiting for job...
Initiating friend location retrieval task for 6 facebook users.
Waiting for job...
Fetching friend location information for facebook user: 829179171
Waiting for job...
Fetching friend location information for facebook user: 670823690
Waiting for job...
Fetching friend location information for facebook user: 509239733
Waiting for job...
Fetching friend location information for facebook user: 509239733
Waiting for job...
Fetching friend location information for facebook user: 532013246
Waiting for job...
Fetching friend location information for facebook user: 518011071
Waiting for job...
Initiating friend location retrieval task for 6 facebook users.
Waiting for job...
Fetching friend location information for facebook user: 829179171
Waiting for job...
Fetching friend location information for facebook user: 670823690
Waiting for job...
Fetching friend location information for facebook user: 509239733
Waiting for job...
Fetching friend location information for facebook user: 509239733
Waiting for job...
Fetching friend location information for facebook user: 532013246
Waiting for job...
Fetching friend location information for facebook user: 518011071
Fetching profile information for facebook user: 1248713654
Fetching avatar for facebook user: 1248713654
Duplicate location not added.
Waiting for job...
Waiting for job...
Initiating friend location retrieval task for 6 facebook users.
Waiting for job...
Fetching friend location information for facebook user: 829179171
array(1) {
  ["data"]=>
  array(0) {
  }
}
Waiting for job...
Fetching friend location information for facebook user: 670823690
array(1) {
  ["data"]=>
  array(0) {
  }
}
Waiting for job...
Fetching friend location information for facebook user: 509239733
array(1) {
  ["data"]=>
  array(0) {
  }
}
Waiting for job...
Fetching friend location information for facebook user: 509239733
array(1) {
  ["data"]=>
  array(0) {
  }
}
Waiting for job...
Fetching friend location information for facebook user: 532013246
array(0) {
}
Waiting for job...
Fetching friend location information for facebook user: 518011071
array(1) {
  ["data"]=>
  array(0) {
  }
}
Waiting for job...
Initiating friend location retrieval task for 6 facebook users.
Waiting for job...
Fetching friend location information for facebook user: 829179171
array(1) {
  ["data"]=>
  array(0) {
  }
}
Waiting for job...
Fetching friend location information for facebook user: 670823690
array(1) {
  ["data"]=>
  array(0) {
  }
}
Waiting for job...
Fetching friend location information for facebook user: 509239733
array(1) {
  ["data"]=>
  array(0) {
  }
}
Waiting for job...
Fetching friend location information for facebook user: 509239733
array(1) {
  ["data"]=>
  array(0) {
  }
}
Waiting for job...
Fetching friend location information for facebook user: 532013246
array(0) {
}
Waiting for job...
Fetching friend location information for facebook user: 518011071
array(1) {
  ["data"]=>
  array(0) {
  }
}
Waiting for job...
Initiating friend location retrieval task for 6 facebook users.
Waiting for job...
Fetching friend location information for facebook user: 829179171
array(1) {
  ["data"]=>
  array(0) {
  }
}
Waiting for job...
Fetching friend location information for facebook user: 670823690
array(1) {
  ["data"]=>
  array(0) {
  }
}
Waiting for job...
Fetching friend location information for facebook user: 509239733
array(1) {
  ["data"]=>
  array(0) {
  }
}
Waiting for job...
Fetching friend location information for facebook user: 509239733
array(1) {
  ["data"]=>
  array(0) {
  }
}
Waiting for job...
Fetching friend location information for facebook user: 532013246
array(0) {
}
Waiting for job...
Fetching friend location information for facebook user: 518011071
array(1) {
  ["data"]=>
  array(0) {
  }
}
Waiting for job...
Initiating friend location retrieval task for 6 facebook users.
Waiting for job...
Fetching friend location information for facebook user: 829179171
array(1) {
  ["data"]=>
  array(0) {
  }
}
Waiting for job...
Fetching friend location information for facebook user: 670823690
array(1) {
  ["data"]=>
  array(0) {
  }
}
Waiting for job...
Fetching friend location information for facebook user: 509239733
array(1) {
  ["data"]=>
  array(0) {
  }
}
Waiting for job...
Fetching friend location information for facebook user: 509239733
array(1) {
  ["data"]=>
  array(0) {
  }
}
Waiting for job...
Fetching friend location information for facebook user: 532013246
array(0) {
}
Waiting for job...
Fetching friend location information for facebook user: 518011071
array(1) {
  ["data"]=>
  array(0) {
  }
}
Waiting for job...
Initiating friend location retrieval task for 6 facebook users.
Waiting for job...
Fetching friend location information for facebook user: 829179171
array(1) {
  ["data"]=>
  array(0) {
  }
}
Waiting for job...
Fetching friend location information for facebook user: 670823690
array(1) {
  ["data"]=>
  array(0) {
  }
}
Waiting for job...
Fetching friend location information for facebook user: 509239733
array(1) {
  ["data"]=>
  array(0) {
  }
}
Waiting for job...
Fetching friend location information for facebook user: 509239733
array(1) {
  ["data"]=>
  array(0) {
  }
}
Waiting for job...
Fetching friend location information for facebook user: 532013246
array(0) {
}
Waiting for job...
Fetching friend location information for facebook user: 518011071
array(1) {
  ["data"]=>
  array(1) {
    [0]=>
    array(7) {
      ["id"]=>
      float(4530094010941)
      ["author_uid"]=>
      int(1248713654)
      ["page_id"]=>
      float(2.2986628039406E+14)
      ["type"]=>
      string(6) "status"
      ["coords"]=>
      array(2) {
        ["latitude"]=>
        float(21.418116357157)
        ["longitude"]=>
        float(91.982592176398)
      }
      ["timestamp"]=>
      int(1345557127)
      ["tagged_uids"]=>
      array(0) {
      }
    }
  }
}
Fetching profile information for facebook user: 1248713654
Fetching avatar for facebook user: 1248713654
Duplicate location not added.
Waiting for job...
Initiating friend location retrieval task for 6 facebook users.
Waiting for job...
Fetching friend location information for facebook user: 829179171
array(1) {
  ["data"]=>
  array(0) {
  }
}
Waiting for job...
Fetching friend location information for facebook user: 670823690
array(1) {
  ["data"]=>
  array(0) {
  }
}
Waiting for job...
Fetching friend location information for facebook user: 509239733
array(1) {
  ["data"]=>
  array(0) {
  }
}
Waiting for job...
Fetching friend location information for facebook user: 509239733
array(1) {
  ["data"]=>
  array(0) {
  }
}
Waiting for job...
Fetching friend location information for facebook user: 532013246
array(0) {
}
Waiting for job...
Fetching friend location information for facebook user: 518011071
array(1) {
  ["data"]=>
  array(1) {
    [0]=>
    array(7) {
      ["id"]=>
      float(4530094010941)
      ["author_uid"]=>
      int(1248713654)
      ["page_id"]=>
      float(2.2986628039406E+14)
      ["type"]=>
      string(6) "status"
      ["coords"]=>
      array(2) {
        ["latitude"]=>
        float(21.418116357157)
        ["longitude"]=>
        float(91.982592176398)
      }
      ["timestamp"]=>
      int(1345557127)
      ["tagged_uids"]=>
      array(0) {
      }
    }
  }
}
Fetching profile information for facebook user: 1248713654
Fetching avatar for facebook user: 1248713654
Duplicate location not added.
Waiting for job...
Initiating friend location retrieval task for 6 facebook users.
Waiting for job...
Fetching friend location information for facebook user: 829179171
array(1) {
  ["data"]=>
  array(0) {
  }
}
Waiting for job...
Fetching friend location information for facebook user: 670823690
array(1) {
  ["data"]=>
  array(0) {
  }
}
Waiting for job...
Fetching friend location information for facebook user: 509239733
array(1) {
  ["data"]=>
  array(0) {
  }
}
Waiting for job...
Fetching friend location information for facebook user: 509239733
array(1) {
  ["data"]=>
  array(0) {
  }
}
Waiting for job...
Fetching friend location information for facebook user: 532013246
array(0) {
}
Waiting for job...
Fetching friend location information for facebook user: 518011071
array(1) {
  ["data"]=>
  array(1) {
    [0]=>
    array(7) {
      ["id"]=>
      float(4530094010941)
      ["author_uid"]=>
      int(1248713654)
      ["page_id"]=>
      float(2.2986628039406E+14)
      ["type"]=>
      string(6) "status"
      ["coords"]=>
      array(2) {
        ["latitude"]=>
        float(21.418116357157)
        ["longitude"]=>
        float(91.982592176398)
      }
      ["timestamp"]=>
      int(1345557127)
      ["tagged_uids"]=>
      array(0) {
      }
    }
  }
}
Fetching profile information for facebook user: 1248713654
Fetching avatar for facebook user: 1248713654
Duplicate location not added.
Waiting for job...
PHP Fatal error:  Uncaught exception 'MongoCursorException' with message 'E11000 duplicate key error index: socialmaps.external_locations.$refId_1_source_1  dup key: { : "4530094010941", : "fb-public" }' in /var/www/html/social_maps_shared/vendor/doctrine/mongodb/lib/Doctrine/MongoDB/Collection.php:179
Stack trace:
#0 /var/www/html/social_maps_shared/vendor/doctrine/mongodb/lib/Doctrine/MongoDB/Collection.php(179): MongoCollection->batchInsert(Array, Array)
#1 /var/www/html/social_maps_shared/vendor/doctrine/mongodb/lib/Doctrine/MongoDB/Collection.php(168): Doctrine\MongoDB\Collection->doBatchInsert(Array, Array)
#2 /var/www/html/social_maps_shared/vendor/doctrine/mongodb-odm/lib/Doctrine/ODM/MongoDB/Persisters/DocumentPersister.php(231): Doctrine\MongoDB\Collection->batchInsert(Array, Array)
#3 /var/www/html/social_maps_shared/vendor/doctrine/mongodb-odm/lib/Doctrine/ODM/MongoDB/UnitOfWork.php(957): Doctrine\ODM\MongoDB\Persisters\DocumentPersister->executeInserts(Array)
#4 /var/www/html/social_maps_shared/vendor/doctrine/mon in /var/www/html/social_maps_shared/vendor/doctrine/mongodb/lib/Doctrine/MongoDB/Collection.php on line 179

Fatal error: Uncaught exception 'MongoCursorException' with message 'E11000 duplicate key error index: socialmaps.external_locations.$refId_1_source_1  dup key: { : "4530094010941", : "fb-public" }' in /var/www/html/social_maps_shared/vendor/doctrine/mongodb/lib/Doctrine/MongoDB/Collection.php:179
Stack trace:
#0 /var/www/html/social_maps_shared/vendor/doctrine/mongodb/lib/Doctrine/MongoDB/Collection.php(179): MongoCollection->batchInsert(Array, Array)
#1 /var/www/html/social_maps_shared/vendor/doctrine/mongodb/lib/Doctrine/MongoDB/Collection.php(168): Doctrine\MongoDB\Collection->doBatchInsert(Array, Array)
#2 /var/www/html/social_maps_shared/vendor/doctrine/mongodb-odm/lib/Doctrine/ODM/MongoDB/Persisters/DocumentPersister.php(231): Doctrine\MongoDB\Collection->batchInsert(Array, Array)
#3 /var/www/html/social_maps_shared/vendor/doctrine/mongodb-odm/lib/Doctrine/ODM/MongoDB/UnitOfWork.php(957): Doctrine\ODM\MongoDB\Persisters\DocumentPersister->executeInserts(Array)
#4 /var/www/html/social_maps_shared/vendor/doctrine/mon in /var/www/html/social_maps_shared/vendor/doctrine/mongodb/lib/Doctrine/MongoDB/Collection.php on line 179
