[2012-11-19 12:25:26] request.ERROR: Symfony\Component\HttpKernel\Exception\NotFoundHttpException: No route found for "GET //hello/Fabien" (uncaught exception) at /var/www/social_maps/admin-console/vendor/symfony/symfony/src/Symfony/Component/HttpKernel/EventListener/RouterListener.php line 92 [] []
[2012-11-19 12:34:13] request.ERROR: Symfony\Component\HttpKernel\Exception\NotFoundHttpException: No route found for "GET /demo" (uncaught exception) at /var/www/social_maps/admin-console/app/cache/prod/classes.php line 5176 [] []
[2012-11-19 12:34:36] request.ERROR: Symfony\Component\HttpKernel\Exception\NotFoundHttpException: No route found for "GET /" (uncaught exception) at /var/www/social_maps/admin-console/app/cache/prod/classes.php line 5176 [] []
[2012-11-19 12:34:42] request.ERROR: Symfony\Component\HttpKernel\Exception\NotFoundHttpException: No route found for "GET /" (uncaught exception) at /var/www/social_maps/admin-console/app/cache/prod/classes.php line 5176 [] []
[2012-11-19 12:36:19] request.INFO: Matched route "admin_homepage" (parameters: "_controller": "Admin\AdminBundle\Controller\DefaultController::indexAction", "name": "Fabien", "_route": "admin_homepage") [] []
[2012-11-19 12:36:19] request.CRITICAL: LogicException: The controller must return a response (null given). Did you forget to add a return statement somewhere in your controller? (uncaught exception) at /var/www/social_maps/admin-console/app/bootstrap.php.cache line 1442 [] []
[2012-11-19 12:38:36] request.ERROR: Symfony\Component\HttpKernel\Exception\NotFoundHttpException: No route found for "GET /admin/login" (uncaught exception) at /var/www/social_maps/admin-console/app/cache/prod/classes.php line 5176 [] []
[2012-11-19 12:38:46] request.ERROR: Symfony\Component\HttpKernel\Exception\NotFoundHttpException: No route found for "GET /admin" (uncaught exception) at /var/www/social_maps/admin-console/app/cache/prod/classes.php line 5176 [] []
[2012-11-19 12:45:34] request.ERROR: Symfony\Component\HttpKernel\Exception\NotFoundHttpException: No route found for "GET /admin/login" (uncaught exception) at /var/www/social_maps/admin-console/app/cache/prod/classes.php line 5176 [] []
[2012-11-19 12:46:46] request.ERROR: Symfony\Component\HttpKernel\Exception\NotFoundHttpException: No route found for "GET /admin/login" (uncaught exception) at /var/www/social_maps/admin-console/app/cache/prod/classes.php line 5176 [] []
[2012-11-19 12:46:48] request.ERROR: Symfony\Component\HttpKernel\Exception\NotFoundHttpException: No route found for "GET /admin/login" (uncaught exception) at /var/www/social_maps/admin-console/app/cache/prod/classes.php line 5176 [] []
[2012-11-19 12:47:13] request.ERROR: Symfony\Component\HttpKernel\Exception\NotFoundHttpException: No route found for "GET /admin/login" (uncaught exception) at /var/www/social_maps/admin-console/app/cache/prod/classes.php line 5176 [] []
[2012-11-19 12:47:14] request.ERROR: Symfony\Component\HttpKernel\Exception\NotFoundHttpException: No route found for "GET /admin/login" (uncaught exception) at /var/www/social_maps/admin-console/app/cache/prod/classes.php line 5176 [] []
[2012-11-19 12:47:14] request.ERROR: Symfony\Component\HttpKernel\Exception\NotFoundHttpException: No route found for "GET /admin/login" (uncaught exception) at /var/www/social_maps/admin-console/app/cache/prod/classes.php line 5176 [] []
[2012-11-19 12:48:20] request.ERROR: Symfony\Component\HttpKernel\Exception\NotFoundHttpException: No route found for "GET /admin/login" (uncaught exception) at /var/www/social_maps/admin-console/app/cache/prod/classes.php line 5176 [] []
[2012-11-19 12:48:25] request.ERROR: Symfony\Component\HttpKernel\Exception\NotFoundHttpException: No route found for "GET /admin/login" (uncaught exception) at /var/www/social_maps/admin-console/app/cache/prod/classes.php line 5176 [] []
[2012-11-19 12:50:22] request.ERROR: Symfony\Component\HttpKernel\Exception\NotFoundHttpException: No route found for "GET /admin/contact" (uncaught exception) at /var/www/social_maps/admin-console/app/cache/prod/classes.php line 5176 [] []
[2012-11-19 12:51:20] request.ERROR: Symfony\Component\HttpKernel\Exception\NotFoundHttpException: No route found for "GET /admin/login" (uncaught exception) at /var/www/social_maps/admin-console/app/cache/prod/classes.php line 5176 [] []
[2012-11-19 12:51:43] request.INFO: Matched route "admin_homepage" (parameters: "_controller": "Admin\AdminBundle\Controller\DefaultController::indexAction", "name": "Fabien", "_route": "admin_homepage") [] []
[2012-11-19 12:51:43] request.CRITICAL: InvalidArgumentException: Class "Admin\AdminBundle\Controller\DefaultController" does not exist. (uncaught exception) at /var/www/social_maps/admin-console/app/cache/prod/classes.php line 10487 [] []
[2012-11-19 12:51:48] request.INFO: Matched route "admin_homepage" (parameters: "_controller": "Admin\AdminBundle\Controller\DefaultController::indexAction", "name": "Fabien", "_route": "admin_homepage") [] []
[2012-11-19 12:51:48] request.CRITICAL: InvalidArgumentException: Class "Admin\AdminBundle\Controller\DefaultController" does not exist. (uncaught exception) at /var/www/social_maps/admin-console/app/cache/prod/classes.php line 10487 [] []
[2012-11-19 12:53:26] request.INFO: Matched route "admin_homepage" (parameters: "_controller": "Admin\AdminBundle\Controller\DefaultController::indexAction", "name": "Fabien", "_route": "admin_homepage") [] []
[2012-11-19 12:53:26] request.CRITICAL: InvalidArgumentException: Class "Admin\AdminBundle\Controller\DefaultController" does not exist. (uncaught exception) at /var/www/social_maps/admin-console/app/cache/prod/classes.php line 10487 [] []
[2012-11-19 12:53:26] request.INFO: Matched route "admin_homepage" (parameters: "_controller": "Admin\AdminBundle\Controller\DefaultController::indexAction", "name": "Fabien", "_route": "admin_homepage") [] []
[2012-11-19 12:53:26] request.CRITICAL: InvalidArgumentException: Class "Admin\AdminBundle\Controller\DefaultController" does not exist. (uncaught exception) at /var/www/social_maps/admin-console/app/cache/prod/classes.php line 10487 [] []
[2012-11-19 12:53:26] request.INFO: Matched route "admin_homepage" (parameters: "_controller": "Admin\AdminBundle\Controller\DefaultController::indexAction", "name": "Fabien", "_route": "admin_homepage") [] []
[2012-11-19 12:53:26] request.CRITICAL: InvalidArgumentException: Class "Admin\AdminBundle\Controller\DefaultController" does not exist. (uncaught exception) at /var/www/social_maps/admin-console/app/cache/prod/classes.php line 10487 [] []
[2012-11-19 12:54:18] request.INFO: Matched route "admin_homepage" (parameters: "_controller": "Admin\AdminBundle\Controller\DefaultController::indexAction", "name": "Fabien", "_route": "admin_homepage") [] []
[2012-11-19 12:54:18] request.CRITICAL: InvalidArgumentException: Class "Admin\AdminBundle\Controller\DefaultController" does not exist. (uncaught exception) at /var/www/social_maps/admin-console/app/cache/prod/classes.php line 10487 [] []
[2012-11-19 12:55:07] request.ERROR: Symfony\Component\HttpKernel\Exception\NotFoundHttpException: No route found for "GET /admin/login" (uncaught exception) at /var/www/social_maps/admin-console/app/cache/prod/classes.php line 5176 [] []
[2012-11-19 12:56:20] request.ERROR: Symfony\Component\HttpKernel\Exception\NotFoundHttpException: No route found for "GET /admin/login" (uncaught exception) at /var/www/social_maps/admin-console/app/cache/prod/classes.php line 5176 [] []
[2012-11-19 12:56:21] request.ERROR: Symfony\Component\HttpKernel\Exception\NotFoundHttpException: No route found for "GET /admin/login" (uncaught exception) at /var/www/social_maps/admin-console/app/cache/prod/classes.php line 5176 [] []
[2012-11-19 12:56:21] request.ERROR: Symfony\Component\HttpKernel\Exception\NotFoundHttpException: No route found for "GET /admin/login" (uncaught exception) at /var/www/social_maps/admin-console/app/cache/prod/classes.php line 5176 [] []
[2012-11-19 13:00:44] request.ERROR: Symfony\Component\HttpKernel\Exception\NotFoundHttpException: No route found for "GET /" (uncaught exception) at /var/www/social_maps/admin-console/app/cache/prod/classes.php line 5176 [] []
[2012-11-19 13:01:46] request.ERROR: Symfony\Component\HttpKernel\Exception\NotFoundHttpException: No route found for "GET /hello" (uncaught exception) at /var/www/social_maps/admin-console/app/cache/prod/classes.php line 5176 [] []
[2012-11-19 13:02:53] request.ERROR: Symfony\Component\HttpKernel\Exception\NotFoundHttpException: No route found for "GET /contact" (uncaught exception) at /var/www/social_maps/admin-console/app/cache/prod/classes.php line 5176 [] []
[2012-11-19 13:03:10] request.ERROR: Symfony\Component\HttpKernel\Exception\NotFoundHttpException: No route found for "GET /acme/contact" (uncaught exception) at /var/www/social_maps/admin-console/app/cache/prod/classes.php line 5176 [] []
[2012-11-19 13:07:33] request.ERROR: Symfony\Component\HttpKernel\Exception\NotFoundHttpException: No route found for "GET /admin/login" (uncaught exception) at /var/www/social_maps/admin-console/app/cache/prod/classes.php line 5176 [] []
[2012-11-19 13:09:29] request.ERROR: Symfony\Component\HttpKernel\Exception\NotFoundHttpException: No route found for "GET /admin/hello/ddd" (uncaught exception) at /var/www/social_maps/admin-console/app/cache/prod/classes.php line 5176 [] []
[2012-11-19 13:10:20] request.ERROR: Symfony\Component\HttpKernel\Exception\NotFoundHttpException: No route found for "GET /admin222/ddd" (uncaught exception) at /var/www/social_maps/admin-console/app/cache/prod/classes.php line 5176 [] []
[2012-11-19 13:10:23] request.ERROR: Symfony\Component\HttpKernel\Exception\NotFoundHttpException: No route found for "GET /admin222/ddd" (uncaught exception) at /var/www/social_maps/admin-console/app/cache/prod/classes.php line 5176 [] []
[2012-11-19 13:13:21] request.ERROR: Symfony\Component\HttpKernel\Exception\NotFoundHttpException: No route found for "GET /admin222/ddd" (uncaught exception) at /var/www/social_maps/admin-console/app/cache/prod/classes.php line 5176 [] []
[2012-11-20 04:57:44] request.ERROR: Symfony\Component\HttpKernel\Exception\NotFoundHttpException: No route found for "GET /" (uncaught exception) at /var/www/social_maps/admin-console/app/cache/prod/classes.php line 5176 [] []
[2012-11-20 04:58:27] request.ERROR: Symfony\Component\HttpKernel\Exception\NotFoundHttpException: No route found for "GET /admin/login" (uncaught exception) at /var/www/social_maps/admin-console/app/cache/prod/classes.php line 5176 [] []
[2012-11-20 05:00:42] request.ERROR: Symfony\Component\HttpKernel\Exception\NotFoundHttpException: No route found for "GET /admin/login" (uncaught exception) at /var/www/social_maps/admin-console/app/cache/prod/classes.php line 5176 [] []
[2012-11-20 05:01:28] request.ERROR: Symfony\Component\HttpKernel\Exception\NotFoundHttpException: No route found for "GET /admin/login" (uncaught exception) at /var/www/social_maps/admin-console/app/cache/prod/classes.php line 5176 [] []
[2012-11-20 05:01:28] request.ERROR: Symfony\Component\HttpKernel\Exception\NotFoundHttpException: No route found for "GET /admin/login" (uncaught exception) at /var/www/social_maps/admin-console/app/cache/prod/classes.php line 5176 [] []
[2012-11-20 05:01:29] request.ERROR: Symfony\Component\HttpKernel\Exception\NotFoundHttpException: No route found for "GET /admin/login" (uncaught exception) at /var/www/social_maps/admin-console/app/cache/prod/classes.php line 5176 [] []
[2012-11-20 05:01:29] request.ERROR: Symfony\Component\HttpKernel\Exception\NotFoundHttpException: No route found for "GET /admin/login" (uncaught exception) at /var/www/social_maps/admin-console/app/cache/prod/classes.php line 5176 [] []
[2012-11-20 05:03:42] request.ERROR: Symfony\Component\HttpKernel\Exception\NotFoundHttpException: No route found for "GET /admin" (uncaught exception) at /var/www/social_maps/admin-console/app/cache/prod/classes.php line 5176 [] []
[2012-11-20 05:03:53] request.ERROR: Symfony\Component\HttpKernel\Exception\NotFoundHttpException: No route found for "GET /admin/login" (uncaught exception) at /var/www/social_maps/admin-console/app/cache/prod/classes.php line 5176 [] []
[2012-11-28 10:05:31] request.ERROR: Symfony\Component\HttpKernel\Exception\NotFoundHttpException: No route found for "GET /bundles/whiteoctoberpagerfanta/css/pagerfantaDefault.css" (uncaught exception) at /var/www/social_maps/admin-console/vendor/symfony/symfony/src/Symfony/Component/HttpKernel/EventListener/RouterListener.php line 92 [] []
[2012-11-29 09:11:19] request.ERROR: Symfony\Component\HttpKernel\Exception\NotFoundHttpException: No route found for "GET /bundles/adminuser/img/" (uncaught exception) at /var/www/social_maps/admin-console/vendor/symfony/symfony/src/Symfony/Component/HttpKernel/EventListener/RouterListener.php line 92 [] []
[2012-12-02 10:12:30] request.ERROR: Symfony\Component\HttpKernel\Exception\NotFoundHttpException: No route found for "GET /" (uncaught exception) at /var/www/social_maps/admin-console/vendor/symfony/symfony/src/Symfony/Component/HttpKernel/EventListener/RouterListener.php line 92 [] []
[2012-12-03 07:10:00] request.ERROR: Symfony\Component\HttpKernel\Exception\NotFoundHttpException: No route found for "GET //images/photos/508672a1781d6ed40f000000/thumb/620456866002.jpg" (uncaught exception) at /var/www/social_maps/admin-console/vendor/symfony/symfony/src/Symfony/Component/HttpKernel/EventListener/RouterListener.php line 92 [] []
[2012-12-03 07:10:00] request.ERROR: Symfony\Component\HttpKernel\Exception\NotFoundHttpException: No route found for "GET //images/photos/508672a1781d6ed40f000000/thumb/189280746760.jpg" (uncaught exception) at /var/www/social_maps/admin-console/vendor/symfony/symfony/src/Symfony/Component/HttpKernel/EventListener/RouterListener.php line 92 [] []
[2012-12-03 07:10:00] request.ERROR: Symfony\Component\HttpKernel\Exception\NotFoundHttpException: No route found for "GET //images/photos/508672a1781d6ed40f000000/thumb/152748671967.jpg" (uncaught exception) at /var/www/social_maps/admin-console/vendor/symfony/symfony/src/Symfony/Component/HttpKernel/EventListener/RouterListener.php line 92 [] []
[2012-12-03 07:10:00] request.ERROR: Symfony\Component\HttpKernel\Exception\NotFoundHttpException: No route found for "GET //images/photos/508672a1781d6ed40f000000/thumb/493482153135.jpg" (uncaught exception) at /var/www/social_maps/admin-console/vendor/symfony/symfony/src/Symfony/Component/HttpKernel/EventListener/RouterListener.php line 92 [] []
[2012-12-03 07:10:00] request.ERROR: Symfony\Component\HttpKernel\Exception\NotFoundHttpException: No route found for "GET /" (uncaught exception) at /var/www/social_maps/admin-console/vendor/symfony/symfony/src/Symfony/Component/HttpKernel/EventListener/RouterListener.php line 92 [] []
[2012-12-03 07:10:00] request.ERROR: Symfony\Component\HttpKernel\Exception\NotFoundHttpException: No route found for "GET //images/photos/508672a1781d6ed40f000000/thumb/1207340940969.jpg" (uncaught exception) at /var/www/social_maps/admin-console/vendor/symfony/symfony/src/Symfony/Component/HttpKernel/EventListener/RouterListener.php line 92 [] []
[2012-12-03 07:10:01] request.ERROR: Symfony\Component\HttpKernel\Exception\NotFoundHttpException: No route found for "GET //images/photos/508672a1781d6ed40f000000/thumb/494844488286.jpg" (uncaught exception) at /var/www/social_maps/admin-console/vendor/symfony/symfony/src/Symfony/Component/HttpKernel/EventListener/RouterListener.php line 92 [] []
[2012-12-03 07:10:01] request.ERROR: Symfony\Component\HttpKernel\Exception\NotFoundHttpException: No route found for "GET //images/photos/508672a1781d6ed40f000000/thumb/980220752400.jpg" (uncaught exception) at /var/www/social_maps/admin-console/vendor/symfony/symfony/src/Symfony/Component/HttpKernel/EventListener/RouterListener.php line 92 [] []
[2012-12-03 07:10:01] request.ERROR: Symfony\Component\HttpKernel\Exception\NotFoundHttpException: No route found for "GET //images/photos/507e47f0781d6ec93000000e/thumb/438335237664.jpg" (uncaught exception) at /var/www/social_maps/admin-console/app/cache/prod/classes.php line 5180 [] []
[2012-12-03 07:10:01] request.ERROR: Symfony\Component\HttpKernel\Exception\NotFoundHttpException: No route found for "GET //images/photos/509898ff781d6ea60b000000/thumb/1237891258215.jpg" (uncaught exception) at /var/www/social_maps/admin-console/app/cache/prod/classes.php line 5180 [] []
[2012-12-03 07:10:01] request.ERROR: Symfony\Component\HttpKernel\Exception\NotFoundHttpException: No route found for "GET //images/photos/50586624781d6e1b33000000/thumb/822036693888.jpg" (uncaught exception) at /var/www/social_maps/admin-console/vendor/symfony/symfony/src/Symfony/Component/HttpKernel/EventListener/RouterListener.php line 92 [] []
[2012-12-03 07:10:01] request.ERROR: Symfony\Component\HttpKernel\Exception\NotFoundHttpException: No route found for "GET //images/photos/508672a1781d6ed40f000000/thumb/1161397288464.jpg" (uncaught exception) at /var/www/social_maps/admin-console/vendor/symfony/symfony/src/Symfony/Component/HttpKernel/EventListener/RouterListener.php line 92 [] []
[2012-12-03 07:10:01] request.ERROR: Symfony\Component\HttpKernel\Exception\NotFoundHttpException: No route found for "GET //images/photos/508672a1781d6ed40f000000/thumb/320432149482.jpg" (uncaught exception) at /var/www/social_maps/admin-console/vendor/symfony/symfony/src/Symfony/Component/HttpKernel/EventListener/RouterListener.php line 92 [] []
[2012-12-03 07:10:01] request.ERROR: Symfony\Component\HttpKernel\Exception\NotFoundHttpException: No route found for "GET //images/photos/508672a1781d6ed40f000000/thumb/749027224354.jpg" (uncaught exception) at /var/www/social_maps/admin-console/vendor/symfony/symfony/src/Symfony/Component/HttpKernel/EventListener/RouterListener.php line 92 [] []
[2012-12-03 07:10:09] request.ERROR: Symfony\Component\HttpKernel\Exception\NotFoundHttpException: No route found for "GET //images/photos/508672a1781d6ed40f000000/thumb/189280746760.jpg" (uncaught exception) at /var/www/social_maps/admin-console/app/cache/prod/classes.php line 5180 [] []
[2012-12-03 07:10:09] request.ERROR: Symfony\Component\HttpKernel\Exception\NotFoundHttpException: No route found for "GET //images/photos/508672a1781d6ed40f000000/thumb/189280746760.jpg" (uncaught exception) at /var/www/social_maps/admin-console/app/cache/prod/classes.php line 5180 [] []
[2012-12-03 07:10:13] request.ERROR: Symfony\Component\HttpKernel\Exception\NotFoundHttpException: No route found for "GET //images/photos/508672a1781d6ed40f000000/thumb/189280746760.jpg" (uncaught exception) at /var/www/social_maps/admin-console/app/cache/prod/classes.php line 5180 [] []
[2012-12-03 07:25:43] request.ERROR: Symfony\Component\HttpKernel\Exception\NotFoundHttpException: No route found for "GET /web/images/photos/508672a1781d6ed40f000000/thumb/189280746760.jpg" (uncaught exception) at /var/www/social_maps/admin-console/app/cache/prod/classes.php line 5180 [] []
[2012-12-03 07:25:43] request.ERROR: Symfony\Component\HttpKernel\Exception\NotFoundHttpException: No route found for "GET /web/images/photos/508672a1781d6ed40f000000/thumb/189280746760.jpg" (uncaught exception) at /var/www/social_maps/admin-console/app/cache/prod/classes.php line 5180 [] []
[2012-12-03 07:25:45] request.ERROR: Symfony\Component\HttpKernel\Exception\NotFoundHttpException: No route found for "GET /web/images/photos/508672a1781d6ed40f000000/thumb/189280746760.jpg" (uncaught exception) at /var/www/social_maps/admin-console/app/cache/prod/classes.php line 5180 [] []
[2012-12-03 07:26:43] request.ERROR: Symfony\Component\HttpKernel\Exception\NotFoundHttpException: No route found for "GET /web/images/photos/50586624781d6e1b33000000/thumb" (uncaught exception) at /var/www/social_maps/admin-console/app/cache/prod/classes.php line 5180 [] []
[2012-12-03 07:26:44] request.ERROR: Symfony\Component\HttpKernel\Exception\NotFoundHttpException: No route found for "GET /web/images/photos/50586624781d6e1b33000000/thumb" (uncaught exception) at /var/www/social_maps/admin-console/app/cache/prod/classes.php line 5180 [] []
[2012-12-03 07:26:46] request.ERROR: Symfony\Component\HttpKernel\Exception\NotFoundHttpException: No route found for "GET /web/images/photos/50586624781d6e1b33000000/thumb" (uncaught exception) at /var/www/social_maps/admin-console/app/cache/prod/classes.php line 5180 [] []
[2012-12-03 07:27:34] request.ERROR: Symfony\Component\HttpKernel\Exception\NotFoundHttpException: No route found for "GET /web/images/photos/50586624781d6e1b33000000/thumb/" (uncaught exception) at /var/www/social_maps/admin-console/app/cache/prod/classes.php line 5180 [] []
[2012-12-03 07:27:35] request.ERROR: Symfony\Component\HttpKernel\Exception\NotFoundHttpException: No route found for "GET /web/images/photos/50586624781d6e1b33000000/thumb/" (uncaught exception) at /var/www/social_maps/admin-console/app/cache/prod/classes.php line 5180 [] []
[2012-12-03 07:27:35] request.ERROR: Symfony\Component\HttpKernel\Exception\NotFoundHttpException: No route found for "GET /web/images/photos/50586624781d6e1b33000000/thumb/254357784532.jpg" (uncaught exception) at /var/www/social_maps/admin-console/app/cache/prod/classes.php line 5180 [] []
[2012-12-03 07:27:35] request.ERROR: Symfony\Component\HttpKernel\Exception\NotFoundHttpException: No route found for "GET /web/images/photos/50586624781d6e1b33000000/thumb/254357784532.jpg" (uncaught exception) at /var/www/social_maps/admin-console/app/cache/prod/classes.php line 5180 [] []
[2012-12-03 07:27:37] request.ERROR: Symfony\Component\HttpKernel\Exception\NotFoundHttpException: No route found for "GET /web/images/photos/50586624781d6e1b33000000/thumb/254357784532.jpg" (uncaught exception) at /var/www/social_maps/admin-console/app/cache/prod/classes.php line 5180 [] []
[2012-12-03 07:27:50] request.ERROR: Symfony\Component\HttpKernel\Exception\NotFoundHttpException: No route found for "GET /images/photos/50586624781d6e1b33000000/thumb/254357784532.jpg" (uncaught exception) at /var/www/social_maps/admin-console/app/cache/prod/classes.php line 5180 [] []
[2012-12-03 07:27:50] request.ERROR: Symfony\Component\HttpKernel\Exception\NotFoundHttpException: No route found for "GET /images/photos/50586624781d6e1b33000000/thumb/254357784532.jpg" (uncaught exception) at /var/www/social_maps/admin-console/app/cache/prod/classes.php line 5180 [] []
[2012-12-03 07:43:55] request.ERROR: Symfony\Component\HttpKernel\Exception\NotFoundHttpException: No route found for "GET /images/photos/508672a1781d6ed40f000000/thumb/1207340940969.jpg" (uncaught exception) at /var/www/social_maps/admin-console/app/cache/prod/classes.php line 5180 [] []
[2012-12-03 07:43:55] request.ERROR: Symfony\Component\HttpKernel\Exception\NotFoundHttpException: No route found for "GET /images/photos/508672a1781d6ed40f000000/thumb/620456866002.jpg" (uncaught exception) at /var/www/social_maps/admin-console/app/cache/prod/classes.php line 5180 [] []
[2012-12-03 07:43:55] request.ERROR: Symfony\Component\HttpKernel\Exception\NotFoundHttpException: No route found for "GET /images/photos/508672a1781d6ed40f000000/thumb/152748671967.jpg" (uncaught exception) at /var/www/social_maps/admin-console/app/cache/prod/classes.php line 5180 [] []
[2012-12-03 07:43:55] request.ERROR: Symfony\Component\HttpKernel\Exception\NotFoundHttpException: No route found for "GET /images/photos/508672a1781d6ed40f000000/thumb/189280746760.jpg" (uncaught exception) at /var/www/social_maps/admin-console/app/cache/prod/classes.php line 5180 [] []
[2012-12-03 07:43:55] request.ERROR: Symfony\Component\HttpKernel\Exception\NotFoundHttpException: No route found for "GET /images/photos/508672a1781d6ed40f000000/thumb/980220752400.jpg" (uncaught exception) at /var/www/social_maps/admin-console/app/cache/prod/classes.php line 5180 [] []
[2012-12-03 07:43:55] request.ERROR: Symfony\Component\HttpKernel\Exception\NotFoundHttpException: No route found for "GET /images/photos/508672a1781d6ed40f000000/thumb/493482153135.jpg" (uncaught exception) at /var/www/social_maps/admin-console/app/cache/prod/classes.php line 5180 [] []
[2012-12-03 07:43:55] request.ERROR: Symfony\Component\HttpKernel\Exception\NotFoundHttpException: No route found for "GET /images/photos/50586624781d6e1b33000000/thumb/822036693888.jpg" (uncaught exception) at /var/www/social_maps/admin-console/app/cache/prod/classes.php line 5180 [] []
[2012-12-03 07:43:55] request.ERROR: Symfony\Component\HttpKernel\Exception\NotFoundHttpException: No route found for "GET /images/photos/508672a1781d6ed40f000000/thumb/1161397288464.jpg" (uncaught exception) at /var/www/social_maps/admin-console/app/cache/prod/classes.php line 5180 [] []
[2012-12-03 07:43:55] request.ERROR: Symfony\Component\HttpKernel\Exception\NotFoundHttpException: No route found for "GET /images/photos/508672a1781d6ed40f000000/thumb/320432149482.jpg" (uncaught exception) at /var/www/social_maps/admin-console/app/cache/prod/classes.php line 5180 [] []
[2012-12-03 07:43:55] request.ERROR: Symfony\Component\HttpKernel\Exception\NotFoundHttpException: No route found for "GET /images/photos/508672a1781d6ed40f000000/thumb/749027224354.jpg" (uncaught exception) at /var/www/social_maps/admin-console/app/cache/prod/classes.php line 5180 [] []
[2012-12-03 07:43:55] request.ERROR: Symfony\Component\HttpKernel\Exception\NotFoundHttpException: No route found for "GET /images/photos/508672a1781d6ed40f000000/thumb/494844488286.jpg" (uncaught exception) at /var/www/social_maps/admin-console/app/cache/prod/classes.php line 5180 [] []
[2012-12-03 07:43:55] request.ERROR: Symfony\Component\HttpKernel\Exception\NotFoundHttpException: No route found for "GET /images/photos/507e47f0781d6ec93000000e/thumb/438335237664.jpg" (uncaught exception) at /var/www/social_maps/admin-console/app/cache/prod/classes.php line 5180 [] []
[2012-12-03 07:43:55] request.ERROR: Symfony\Component\HttpKernel\Exception\NotFoundHttpException: No route found for "GET /images/photos/509898ff781d6ea60b000000/thumb/1237891258215.jpg" (uncaught exception) at /var/www/social_maps/admin-console/app/cache/prod/classes.php line 5180 [] []
[2012-12-03 07:43:55] request.ERROR: Symfony\Component\HttpKernel\Exception\NotFoundHttpException: No route found for "GET /" (uncaught exception) at /var/www/social_maps/admin-console/app/cache/prod/classes.php line 5180 [] []
[2012-12-03 07:44:54] request.ERROR: Symfony\Component\HttpKernel\Exception\NotFoundHttpException: No route found for "GET /images/photos/508672a1781d6ed40f000000/thumb/620456866002.jpg" (uncaught exception) at /var/www/social_maps/admin-console/app/cache/prod/classes.php line 5180 [] []
[2012-12-03 07:44:54] request.ERROR: Symfony\Component\HttpKernel\Exception\NotFoundHttpException: No route found for "GET /images/photos/508672a1781d6ed40f000000/thumb/493482153135.jpg" (uncaught exception) at /var/www/social_maps/admin-console/app/cache/prod/classes.php line 5180 [] []
[2012-12-03 07:44:54] request.ERROR: Symfony\Component\HttpKernel\Exception\NotFoundHttpException: No route found for "GET /images/photos/508672a1781d6ed40f000000/thumb/1207340940969.jpg" (uncaught exception) at /var/www/social_maps/admin-console/app/cache/prod/classes.php line 5180 [] []
[2012-12-03 07:44:54] request.ERROR: Symfony\Component\HttpKernel\Exception\NotFoundHttpException: No route found for "GET /images/photos/508672a1781d6ed40f000000/thumb/189280746760.jpg" (uncaught exception) at /var/www/social_maps/admin-console/app/cache/prod/classes.php line 5180 [] []
[2012-12-03 07:44:54] request.ERROR: Symfony\Component\HttpKernel\Exception\NotFoundHttpException: No route found for "GET /images/photos/508672a1781d6ed40f000000/thumb/980220752400.jpg" (uncaught exception) at /var/www/social_maps/admin-console/app/cache/prod/classes.php line 5180 [] []
[2012-12-03 07:44:54] request.ERROR: Symfony\Component\HttpKernel\Exception\NotFoundHttpException: No route found for "GET /images/photos/508672a1781d6ed40f000000/thumb/152748671967.jpg" (uncaught exception) at /var/www/social_maps/admin-console/app/cache/prod/classes.php line 5180 [] []
[2012-12-03 07:44:54] request.ERROR: Symfony\Component\HttpKernel\Exception\NotFoundHttpException: No route found for "GET /images/photos/508672a1781d6ed40f000000/thumb/494844488286.jpg" (uncaught exception) at /var/www/social_maps/admin-console/app/cache/prod/classes.php line 5180 [] []
[2012-12-03 07:44:54] request.ERROR: Symfony\Component\HttpKernel\Exception\NotFoundHttpException: No route found for "GET /images/photos/50586624781d6e1b33000000/thumb/822036693888.jpg" (uncaught exception) at /var/www/social_maps/admin-console/app/cache/prod/classes.php line 5180 [] []
[2012-12-03 07:44:54] request.ERROR: Symfony\Component\HttpKernel\Exception\NotFoundHttpException: No route found for "GET /images/photos/508672a1781d6ed40f000000/thumb/1161397288464.jpg" (uncaught exception) at /var/www/social_maps/admin-console/app/cache/prod/classes.php line 5180 [] []
[2012-12-03 07:44:54] request.ERROR: Symfony\Component\HttpKernel\Exception\NotFoundHttpException: No route found for "GET /images/photos/508672a1781d6ed40f000000/thumb/320432149482.jpg" (uncaught exception) at /var/www/social_maps/admin-console/app/cache/prod/classes.php line 5180 [] []
[2012-12-03 07:44:54] request.ERROR: Symfony\Component\HttpKernel\Exception\NotFoundHttpException: No route found for "GET /images/photos/507e47f0781d6ec93000000e/thumb/438335237664.jpg" (uncaught exception) at /var/www/social_maps/admin-console/app/cache/prod/classes.php line 5180 [] []
[2012-12-03 07:44:54] request.ERROR: Symfony\Component\HttpKernel\Exception\NotFoundHttpException: No route found for "GET /images/photos/508672a1781d6ed40f000000/thumb/749027224354.jpg" (uncaught exception) at /var/www/social_maps/admin-console/app/cache/prod/classes.php line 5180 [] []
[2012-12-03 07:44:54] request.ERROR: Symfony\Component\HttpKernel\Exception\NotFoundHttpException: No route found for "GET /images/photos/509898ff781d6ea60b000000/thumb/1237891258215.jpg" (uncaught exception) at /var/www/social_maps/admin-console/app/cache/prod/classes.php line 5180 [] []
[2012-12-03 07:44:55] request.ERROR: Symfony\Component\HttpKernel\Exception\NotFoundHttpException: No route found for "GET /" (uncaught exception) at /var/www/social_maps/admin-console/app/cache/prod/classes.php line 5180 [] []
[2012-12-03 07:45:00] request.ERROR: Symfony\Component\HttpKernel\Exception\NotFoundHttpException: No route found for "GET /images/photos/508672a1781d6ed40f000000/thumb/189280746760.jpg" (uncaught exception) at /var/www/social_maps/admin-console/app/cache/prod/classes.php line 5180 [] []
[2012-12-03 07:45:00] request.ERROR: Symfony\Component\HttpKernel\Exception\NotFoundHttpException: No route found for "GET /images/photos/508672a1781d6ed40f000000/thumb/152748671967.jpg" (uncaught exception) at /var/www/social_maps/admin-console/app/cache/prod/classes.php line 5180 [] []
[2012-12-03 07:45:00] request.ERROR: Symfony\Component\HttpKernel\Exception\NotFoundHttpException: No route found for "GET /images/photos/508672a1781d6ed40f000000/thumb/493482153135.jpg" (uncaught exception) at /var/www/social_maps/admin-console/app/cache/prod/classes.php line 5180 [] []
[2012-12-03 07:45:00] request.ERROR: Symfony\Component\HttpKernel\Exception\NotFoundHttpException: No route found for "GET /images/photos/508672a1781d6ed40f000000/thumb/620456866002.jpg" (uncaught exception) at /var/www/social_maps/admin-console/app/cache/prod/classes.php line 5180 [] []
[2012-12-03 07:45:00] request.ERROR: Symfony\Component\HttpKernel\Exception\NotFoundHttpException: No route found for "GET /images/photos/508672a1781d6ed40f000000/thumb/980220752400.jpg" (uncaught exception) at /var/www/social_maps/admin-console/app/cache/prod/classes.php line 5180 [] []
[2012-12-03 07:45:00] request.ERROR: Symfony\Component\HttpKernel\Exception\NotFoundHttpException: No route found for "GET /images/photos/508672a1781d6ed40f000000/thumb/1207340940969.jpg" (uncaught exception) at /var/www/social_maps/admin-console/app/cache/prod/classes.php line 5180 [] []
[2012-12-03 07:45:00] request.ERROR: Symfony\Component\HttpKernel\Exception\NotFoundHttpException: No route found for "GET /images/photos/508672a1781d6ed40f000000/thumb/1161397288464.jpg" (uncaught exception) at /var/www/social_maps/admin-console/app/cache/prod/classes.php line 5180 [] []
[2012-12-03 07:45:00] request.ERROR: Symfony\Component\HttpKernel\Exception\NotFoundHttpException: No route found for "GET /images/photos/50586624781d6e1b33000000/thumb/822036693888.jpg" (uncaught exception) at /var/www/social_maps/admin-console/app/cache/prod/classes.php line 5180 [] []
[2012-12-03 07:45:00] request.ERROR: Symfony\Component\HttpKernel\Exception\NotFoundHttpException: No route found for "GET /images/photos/508672a1781d6ed40f000000/thumb/494844488286.jpg" (uncaught exception) at /var/www/social_maps/admin-console/app/cache/prod/classes.php line 5180 [] []
[2012-12-03 07:45:00] request.ERROR: Symfony\Component\HttpKernel\Exception\NotFoundHttpException: No route found for "GET /images/photos/508672a1781d6ed40f000000/thumb/320432149482.jpg" (uncaught exception) at /var/www/social_maps/admin-console/app/cache/prod/classes.php line 5180 [] []
[2012-12-03 07:45:00] request.ERROR: Symfony\Component\HttpKernel\Exception\NotFoundHttpException: No route found for "GET /images/photos/508672a1781d6ed40f000000/thumb/749027224354.jpg" (uncaught exception) at /var/www/social_maps/admin-console/app/cache/prod/classes.php line 5180 [] []
[2012-12-03 07:45:00] request.ERROR: Symfony\Component\HttpKernel\Exception\NotFoundHttpException: No route found for "GET /images/photos/507e47f0781d6ec93000000e/thumb/438335237664.jpg" (uncaught exception) at /var/www/social_maps/admin-console/app/cache/prod/classes.php line 5180 [] []
[2012-12-03 07:45:00] request.ERROR: Symfony\Component\HttpKernel\Exception\NotFoundHttpException: No route found for "GET /images/photos/509898ff781d6ea60b000000/thumb/1237891258215.jpg" (uncaught exception) at /var/www/social_maps/admin-console/app/cache/prod/classes.php line 5180 [] []
[2012-12-03 07:45:00] request.ERROR: Symfony\Component\HttpKernel\Exception\NotFoundHttpException: No route found for "GET /" (uncaught exception) at /var/www/social_maps/admin-console/app/cache/prod/classes.php line 5180 [] []
[2012-12-03 07:45:26] request.ERROR: Symfony\Component\HttpKernel\Exception\NotFoundHttpException: No route found for "GET /images/photos/508672a1781d6ed40f000000/thumb/1207340940969.jpg" (uncaught exception) at /var/www/social_maps/admin-console/app/cache/prod/classes.php line 5180 [] []
[2012-12-03 07:45:26] request.ERROR: Symfony\Component\HttpKernel\Exception\NotFoundHttpException: No route found for "GET /images/photos/508672a1781d6ed40f000000/thumb/189280746760.jpg" (uncaught exception) at /var/www/social_maps/admin-console/app/cache/prod/classes.php line 5180 [] []
[2012-12-03 07:45:26] request.ERROR: Symfony\Component\HttpKernel\Exception\NotFoundHttpException: No route found for "GET /images/photos/508672a1781d6ed40f000000/thumb/620456866002.jpg" (uncaught exception) at /var/www/social_maps/admin-console/app/cache/prod/classes.php line 5180 [] []
[2012-12-03 07:45:26] request.ERROR: Symfony\Component\HttpKernel\Exception\NotFoundHttpException: No route found for "GET /images/photos/508672a1781d6ed40f000000/thumb/980220752400.jpg" (uncaught exception) at /var/www/social_maps/admin-console/app/cache/prod/classes.php line 5180 [] []
[2012-12-03 07:45:26] request.ERROR: Symfony\Component\HttpKernel\Exception\NotFoundHttpException: No route found for "GET /images/photos/50586624781d6e1b33000000/thumb/822036693888.jpg" (uncaught exception) at /var/www/social_maps/admin-console/app/cache/prod/classes.php line 5180 [] []
[2012-12-03 07:45:26] request.ERROR: Symfony\Component\HttpKernel\Exception\NotFoundHttpException: No route found for "GET /images/photos/508672a1781d6ed40f000000/thumb/152748671967.jpg" (uncaught exception) at /var/www/social_maps/admin-console/app/cache/prod/classes.php line 5180 [] []
[2012-12-03 07:45:26] request.ERROR: Symfony\Component\HttpKernel\Exception\NotFoundHttpException: No route found for "GET /images/photos/508672a1781d6ed40f000000/thumb/493482153135.jpg" (uncaught exception) at /var/www/social_maps/admin-console/app/cache/prod/classes.php line 5180 [] []
[2012-12-03 07:45:26] request.ERROR: Symfony\Component\HttpKernel\Exception\NotFoundHttpException: No route found for "GET /images/photos/508672a1781d6ed40f000000/thumb/1161397288464.jpg" (uncaught exception) at /var/www/social_maps/admin-console/app/cache/prod/classes.php line 5180 [] []
[2012-12-03 07:45:26] request.ERROR: Symfony\Component\HttpKernel\Exception\NotFoundHttpException: No route found for "GET /images/photos/508672a1781d6ed40f000000/thumb/494844488286.jpg" (uncaught exception) at /var/www/social_maps/admin-console/app/cache/prod/classes.php line 5180 [] []
[2012-12-03 07:45:26] request.ERROR: Symfony\Component\HttpKernel\Exception\NotFoundHttpException: No route found for "GET /images/photos/508672a1781d6ed40f000000/thumb/749027224354.jpg" (uncaught exception) at /var/www/social_maps/admin-console/app/cache/prod/classes.php line 5180 [] []
[2012-12-03 07:45:26] request.ERROR: Symfony\Component\HttpKernel\Exception\NotFoundHttpException: No route found for "GET /images/photos/508672a1781d6ed40f000000/thumb/320432149482.jpg" (uncaught exception) at /var/www/social_maps/admin-console/app/cache/prod/classes.php line 5180 [] []
[2012-12-03 07:45:27] request.ERROR: Symfony\Component\HttpKernel\Exception\NotFoundHttpException: No route found for "GET /images/photos/507e47f0781d6ec93000000e/thumb/438335237664.jpg" (uncaught exception) at /var/www/social_maps/admin-console/app/cache/prod/classes.php line 5180 [] []
[2012-12-03 07:45:27] request.ERROR: Symfony\Component\HttpKernel\Exception\NotFoundHttpException: No route found for "GET /images/photos/509898ff781d6ea60b000000/thumb/1237891258215.jpg" (uncaught exception) at /var/www/social_maps/admin-console/app/cache/prod/classes.php line 5180 [] []
[2012-12-03 07:45:27] request.ERROR: Symfony\Component\HttpKernel\Exception\NotFoundHttpException: No route found for "GET /images/photos/509898ff781d6ea60b000000/thumb/817143644716.jpg" (uncaught exception) at /var/www/social_maps/admin-console/app/cache/prod/classes.php line 5180 [] []
[2012-12-03 07:45:27] request.ERROR: Symfony\Component\HttpKernel\Exception\NotFoundHttpException: No route found for "GET /" (uncaught exception) at /var/www/social_maps/admin-console/app/cache/prod/classes.php line 5180 [] []
[2012-12-03 07:45:43] request.ERROR: Symfony\Component\HttpKernel\Exception\NotFoundHttpException: No route found for "GET /images/photos/508672a1781d6ed40f000000/thumb/493482153135.jpg" (uncaught exception) at /var/www/social_maps/admin-console/app/cache/prod/classes.php line 5180 [] []
[2012-12-03 07:45:43] request.ERROR: Symfony\Component\HttpKernel\Exception\NotFoundHttpException: No route found for "GET /images/photos/508672a1781d6ed40f000000/thumb/189280746760.jpg" (uncaught exception) at /var/www/social_maps/admin-console/app/cache/prod/classes.php line 5180 [] []
[2012-12-03 07:45:43] request.ERROR: Symfony\Component\HttpKernel\Exception\NotFoundHttpException: No route found for "GET /images/photos/508672a1781d6ed40f000000/thumb/980220752400.jpg" (uncaught exception) at /var/www/social_maps/admin-console/app/cache/prod/classes.php line 5180 [] []
[2012-12-03 07:45:43] request.ERROR: Symfony\Component\HttpKernel\Exception\NotFoundHttpException: No route found for "GET /images/photos/508672a1781d6ed40f000000/thumb/152748671967.jpg" (uncaught exception) at /var/www/social_maps/admin-console/app/cache/prod/classes.php line 5180 [] []
[2012-12-03 07:45:43] request.ERROR: Symfony\Component\HttpKernel\Exception\NotFoundHttpException: No route found for "GET /images/photos/508672a1781d6ed40f000000/thumb/620456866002.jpg" (uncaught exception) at /var/www/social_maps/admin-console/app/cache/prod/classes.php line 5180 [] []
[2012-12-03 07:45:43] request.ERROR: Symfony\Component\HttpKernel\Exception\NotFoundHttpException: No route found for "GET /images/photos/50586624781d6e1b33000000/thumb/822036693888.jpg" (uncaught exception) at /var/www/social_maps/admin-console/app/cache/prod/classes.php line 5180 [] []
[2012-12-03 07:45:43] request.ERROR: Symfony\Component\HttpKernel\Exception\NotFoundHttpException: No route found for "GET /images/photos/508672a1781d6ed40f000000/thumb/1207340940969.jpg" (uncaught exception) at /var/www/social_maps/admin-console/app/cache/prod/classes.php line 5180 [] []
[2012-12-03 07:45:43] request.ERROR: Symfony\Component\HttpKernel\Exception\NotFoundHttpException: No route found for "GET /images/photos/508672a1781d6ed40f000000/thumb/1161397288464.jpg" (uncaught exception) at /var/www/social_maps/admin-console/app/cache/prod/classes.php line 5180 [] []
[2012-12-03 07:45:43] request.ERROR: Symfony\Component\HttpKernel\Exception\NotFoundHttpException: No route found for "GET /images/photos/508672a1781d6ed40f000000/thumb/494844488286.jpg" (uncaught exception) at /var/www/social_maps/admin-console/app/cache/prod/classes.php line 5180 [] []
[2012-12-03 07:45:43] request.ERROR: Symfony\Component\HttpKernel\Exception\NotFoundHttpException: No route found for "GET /images/photos/508672a1781d6ed40f000000/thumb/749027224354.jpg" (uncaught exception) at /var/www/social_maps/admin-console/app/cache/prod/classes.php line 5180 [] []
[2012-12-03 07:45:43] request.ERROR: Symfony\Component\HttpKernel\Exception\NotFoundHttpException: No route found for "GET /images/photos/508672a1781d6ed40f000000/thumb/320432149482.jpg" (uncaught exception) at /var/www/social_maps/admin-console/app/cache/prod/classes.php line 5180 [] []
[2012-12-03 07:45:43] request.ERROR: Symfony\Component\HttpKernel\Exception\NotFoundHttpException: No route found for "GET /images/photos/507e47f0781d6ec93000000e/thumb/438335237664.jpg" (uncaught exception) at /var/www/social_maps/admin-console/app/cache/prod/classes.php line 5180 [] []
[2012-12-03 07:45:43] request.ERROR: Symfony\Component\HttpKernel\Exception\NotFoundHttpException: No route found for "GET /images/photos/509898ff781d6ea60b000000/thumb/1237891258215.jpg" (uncaught exception) at /var/www/social_maps/admin-console/app/cache/prod/classes.php line 5180 [] []
[2012-12-03 07:45:43] request.ERROR: Symfony\Component\HttpKernel\Exception\NotFoundHttpException: No route found for "GET /images/photos/509898ff781d6ea60b000000/thumb/817143644716.jpg" (uncaught exception) at /var/www/social_maps/admin-console/app/cache/prod/classes.php line 5180 [] []
[2012-12-03 07:45:44] request.ERROR: Symfony\Component\HttpKernel\Exception\NotFoundHttpException: No route found for "GET /" (uncaught exception) at /var/www/social_maps/admin-console/app/cache/prod/classes.php line 5180 [] []
[2012-12-06 15:24:05] request.ERROR: Symfony\Component\HttpKernel\Exception\NotFoundHttpException: No route found for "GET /images/photos/508672a1781d6ed40f000000/thumb/980220752400.jpg" (uncaught exception) at /var/www/social_maps/admin-console/vendor/symfony/symfony/src/Symfony/Component/HttpKernel/EventListener/RouterListener.php line 92 [] []
[2012-12-06 15:24:05] request.ERROR: Symfony\Component\HttpKernel\Exception\NotFoundHttpException: No route found for "GET /images/photos/50586624781d6e1b33000000/thumb/822036693888.jpg" (uncaught exception) at /var/www/social_maps/admin-console/vendor/symfony/symfony/src/Symfony/Component/HttpKernel/EventListener/RouterListener.php line 92 [] []
[2012-12-06 15:24:05] request.ERROR: Symfony\Component\HttpKernel\Exception\NotFoundHttpException: No route found for "GET /images/photos/508672a1781d6ed40f000000/thumb/189280746760.jpg" (uncaught exception) at /var/www/social_maps/admin-console/vendor/symfony/symfony/src/Symfony/Component/HttpKernel/EventListener/RouterListener.php line 92 [] []
[2012-12-06 15:24:06] request.ERROR: Symfony\Component\HttpKernel\Exception\NotFoundHttpException: No route found for "GET /images/photos/509898ff781d6ea60b000000/thumb/1237891258215.jpg" (uncaught exception) at /var/www/social_maps/admin-console/vendor/symfony/symfony/src/Symfony/Component/HttpKernel/EventListener/RouterListener.php line 92 [] []
[2012-12-06 15:24:06] request.ERROR: Symfony\Component\HttpKernel\Exception\NotFoundHttpException: No route found for "GET /" (uncaught exception) at /var/www/social_maps/admin-console/vendor/symfony/symfony/src/Symfony/Component/HttpKernel/EventListener/RouterListener.php line 92 [] []
[2012-12-06 15:24:06] request.ERROR: Symfony\Component\HttpKernel\Exception\NotFoundHttpException: No route found for "GET /images/photos/509898ff781d6ea60b000000/thumb/817143644716.jpg" (uncaught exception) at /var/www/social_maps/admin-console/vendor/symfony/symfony/src/Symfony/Component/HttpKernel/EventListener/RouterListener.php line 92 [] []
[2012-12-06 15:24:06] request.ERROR: Symfony\Component\HttpKernel\Exception\NotFoundHttpException: No route found for "GET /images/photos/508672a1781d6ed40f000000/thumb/494844488286.jpg" (uncaught exception) at /var/www/social_maps/admin-console/vendor/symfony/symfony/src/Symfony/Component/HttpKernel/EventListener/RouterListener.php line 92 [] []
[2012-12-06 15:24:06] request.ERROR: Symfony\Component\HttpKernel\Exception\NotFoundHttpException: No route found for "GET /images/photos/50586624781d6e1b33000000/thumb/453217478660.jpg" (uncaught exception) at /var/www/social_maps/admin-console/vendor/symfony/symfony/src/Symfony/Component/HttpKernel/EventListener/RouterListener.php line 92 [] []
[2012-12-06 15:24:06] request.ERROR: Symfony\Component\HttpKernel\Exception\NotFoundHttpException: No route found for "GET /images/photos/508672a1781d6ed40f000000/thumb/749027224354.jpg" (uncaught exception) at /var/www/social_maps/admin-console/vendor/symfony/symfony/src/Symfony/Component/HttpKernel/EventListener/RouterListener.php line 92 [] []
[2012-12-06 15:24:06] request.ERROR: Symfony\Component\HttpKernel\Exception\NotFoundHttpException: No route found for "GET /images/photos/508672a1781d6ed40f000000/thumb/493482153135.jpg" (uncaught exception) at /var/www/social_maps/admin-console/app/cache/prod/classes.php line 5180 [] []
[2012-12-06 15:24:06] request.ERROR: Symfony\Component\HttpKernel\Exception\NotFoundHttpException: No route found for "GET /images/photos/508672a1781d6ed40f000000/thumb/152748671967.jpg" (uncaught exception) at /var/www/social_maps/admin-console/app/cache/prod/classes.php line 5180 [] []
[2012-12-06 15:24:06] request.ERROR: Symfony\Component\HttpKernel\Exception\NotFoundHttpException: No route found for "GET /images/photos/508672a1781d6ed40f000000/thumb/980220752400.jpg" (uncaught exception) at /var/www/social_maps/admin-console/app/cache/prod/classes.php line 5180 [] []
[2012-12-06 15:24:06] request.ERROR: Symfony\Component\HttpKernel\Exception\NotFoundHttpException: No route found for "GET /images/photos/508672a1781d6ed40f000000/thumb/620456866002.jpg" (uncaught exception) at /var/www/social_maps/admin-console/app/cache/prod/classes.php line 5180 [] []
[2012-12-06 15:24:06] request.ERROR: Symfony\Component\HttpKernel\Exception\NotFoundHttpException: No route found for "GET /images/photos/507e47f0781d6ec93000000e/thumb/438335237664.jpg" (uncaught exception) at /var/www/social_maps/admin-console/vendor/symfony/symfony/src/Symfony/Component/HttpKernel/EventListener/RouterListener.php line 92 [] []
[2012-12-06 15:24:06] request.ERROR: Symfony\Component\HttpKernel\Exception\NotFoundHttpException: No route found for "GET /images/photos/508672a1781d6ed40f000000/thumb/189280746760.jpg" (uncaught exception) at /var/www/social_maps/admin-console/app/cache/prod/classes.php line 5180 [] []
[2012-12-06 15:24:06] request.ERROR: Symfony\Component\HttpKernel\Exception\NotFoundHttpException: No route found for "GET /images/photos/50586624781d6e1b33000000/thumb/822036693888.jpg" (uncaught exception) at /var/www/social_maps/admin-console/app/cache/prod/classes.php line 5180 [] []
[2012-12-06 15:24:06] request.ERROR: Symfony\Component\HttpKernel\Exception\NotFoundHttpException: No route found for "GET /images/photos/508672a1781d6ed40f000000/thumb/320432149482.jpg" (uncaught exception) at /var/www/social_maps/admin-console/vendor/symfony/symfony/src/Symfony/Component/HttpKernel/EventListener/RouterListener.php line 92 [] []
[2012-12-06 15:24:06] request.ERROR: Symfony\Component\HttpKernel\Exception\NotFoundHttpException: No route found for "GET /images/photos/508672a1781d6ed40f000000/thumb/1161397288464.jpg" (uncaught exception) at /var/www/social_maps/admin-console/vendor/symfony/symfony/src/Symfony/Component/HttpKernel/EventListener/RouterListener.php line 92 [] []
[2012-12-06 15:24:06] request.ERROR: Symfony\Component\HttpKernel\Exception\NotFoundHttpException: No route found for "GET /" (uncaught exception) at /var/www/social_maps/admin-console/app/cache/prod/classes.php line 5180 [] []
[2012-12-06 15:24:06] request.ERROR: Symfony\Component\HttpKernel\Exception\NotFoundHttpException: No route found for "GET /images/photos/508672a1781d6ed40f000000/thumb/494844488286.jpg" (uncaught exception) at /var/www/social_maps/admin-console/app/cache/prod/classes.php line 5180 [] []
[2012-12-06 15:24:06] request.ERROR: Symfony\Component\HttpKernel\Exception\NotFoundHttpException: No route found for "GET /images/photos/508672a1781d6ed40f000000/thumb/1161397288464.jpg" (uncaught exception) at /var/www/social_maps/admin-console/app/cache/prod/classes.php line 5180 [] []
[2012-12-06 15:24:06] request.ERROR: Symfony\Component\HttpKernel\Exception\NotFoundHttpException: No route found for "GET /images/photos/508672a1781d6ed40f000000/thumb/320432149482.jpg" (uncaught exception) at /var/www/social_maps/admin-console/app/cache/prod/classes.php line 5180 [] []
[2012-12-06 15:24:06] request.ERROR: Symfony\Component\HttpKernel\Exception\NotFoundHttpException: No route found for "GET /images/photos/508672a1781d6ed40f000000/thumb/749027224354.jpg" (uncaught exception) at /var/www/social_maps/admin-console/app/cache/prod/classes.php line 5180 [] []
[2012-12-06 15:24:06] request.ERROR: Symfony\Component\HttpKernel\Exception\NotFoundHttpException: No route found for "GET /images/photos/507e47f0781d6ec93000000e/thumb/438335237664.jpg" (uncaught exception) at /var/www/social_maps/admin-console/app/cache/prod/classes.php line 5180 [] []
[2012-12-06 15:24:06] request.ERROR: Symfony\Component\HttpKernel\Exception\NotFoundHttpException: No route found for "GET /images/photos/509898ff781d6ea60b000000/thumb/1237891258215.jpg" (uncaught exception) at /var/www/social_maps/admin-console/app/cache/prod/classes.php line 5180 [] []
[2012-12-06 15:24:06] request.ERROR: Symfony\Component\HttpKernel\Exception\NotFoundHttpException: No route found for "GET /images/photos/509898ff781d6ea60b000000/thumb/817143644716.jpg" (uncaught exception) at /var/www/social_maps/admin-console/app/cache/prod/classes.php line 5180 [] []
[2012-12-06 15:24:06] request.ERROR: Symfony\Component\HttpKernel\Exception\NotFoundHttpException: No route found for "GET /images/photos/50586624781d6e1b33000000/thumb/453217478660.jpg" (uncaught exception) at /var/www/social_maps/admin-console/app/cache/prod/classes.php line 5180 [] []
[2012-12-06 15:24:23] request.ERROR: Symfony\Component\HttpKernel\Exception\NotFoundHttpException: No route found for "GET /images/photos/508672a1781d6ed40f000000/thumb/980220752400.jpg" (uncaught exception) at /var/www/social_maps/admin-console/app/cache/prod/classes.php line 5180 [] []
[2012-12-06 15:24:23] request.ERROR: Symfony\Component\HttpKernel\Exception\NotFoundHttpException: No route found for "GET /images/photos/508672a1781d6ed40f000000/thumb/620456866002.jpg" (uncaught exception) at /var/www/social_maps/admin-console/app/cache/prod/classes.php line 5180 [] []
[2012-12-06 15:24:23] request.ERROR: Symfony\Component\HttpKernel\Exception\NotFoundHttpException: No route found for "GET /images/photos/508672a1781d6ed40f000000/thumb/152748671967.jpg" (uncaught exception) at /var/www/social_maps/admin-console/app/cache/prod/classes.php line 5180 [] []
[2012-12-06 15:24:23] request.ERROR: Symfony\Component\HttpKernel\Exception\NotFoundHttpException: No route found for "GET /images/photos/508672a1781d6ed40f000000/thumb/493482153135.jpg" (uncaught exception) at /var/www/social_maps/admin-console/app/cache/prod/classes.php line 5180 [] []
[2012-12-06 15:24:23] request.ERROR: Symfony\Component\HttpKernel\Exception\NotFoundHttpException: No route found for "GET /images/photos/508672a1781d6ed40f000000/thumb/189280746760.jpg" (uncaught exception) at /var/www/social_maps/admin-console/app/cache/prod/classes.php line 5180 [] []
[2012-12-06 15:24:23] request.ERROR: Symfony\Component\HttpKernel\Exception\NotFoundHttpException: No route found for "GET /images/photos/50586624781d6e1b33000000/thumb/822036693888.jpg" (uncaught exception) at /var/www/social_maps/admin-console/app/cache/prod/classes.php line 5180 [] []
[2012-12-06 15:24:23] request.ERROR: Symfony\Component\HttpKernel\Exception\NotFoundHttpException: No route found for "GET /" (uncaught exception) at /var/www/social_maps/admin-console/app/cache/prod/classes.php line 5180 [] []
[2012-12-06 15:24:23] request.ERROR: Symfony\Component\HttpKernel\Exception\NotFoundHttpException: No route found for "GET /images/photos/508672a1781d6ed40f000000/thumb/320432149482.jpg" (uncaught exception) at /var/www/social_maps/admin-console/app/cache/prod/classes.php line 5180 [] []
[2012-12-06 15:24:23] request.ERROR: Symfony\Component\HttpKernel\Exception\NotFoundHttpException: No route found for "GET /images/photos/508672a1781d6ed40f000000/thumb/749027224354.jpg" (uncaught exception) at /var/www/social_maps/admin-console/app/cache/prod/classes.php line 5180 [] []
[2012-12-06 15:24:23] request.ERROR: Symfony\Component\HttpKernel\Exception\NotFoundHttpException: No route found for "GET /images/photos/507e47f0781d6ec93000000e/thumb/438335237664.jpg" (uncaught exception) at /var/www/social_maps/admin-console/app/cache/prod/classes.php line 5180 [] []
[2012-12-06 15:24:23] request.ERROR: Symfony\Component\HttpKernel\Exception\NotFoundHttpException: No route found for "GET /images/photos/508672a1781d6ed40f000000/thumb/1161397288464.jpg" (uncaught exception) at /var/www/social_maps/admin-console/app/cache/prod/classes.php line 5180 [] []
[2012-12-06 15:24:23] request.ERROR: Symfony\Component\HttpKernel\Exception\NotFoundHttpException: No route found for "GET /images/photos/508672a1781d6ed40f000000/thumb/494844488286.jpg" (uncaught exception) at /var/www/social_maps/admin-console/app/cache/prod/classes.php line 5180 [] []
[2012-12-06 15:24:23] request.ERROR: Symfony\Component\HttpKernel\Exception\NotFoundHttpException: No route found for "GET /images/photos/509898ff781d6ea60b000000/thumb/817143644716.jpg" (uncaught exception) at /var/www/social_maps/admin-console/app/cache/prod/classes.php line 5180 [] []
[2012-12-06 15:24:23] request.ERROR: Symfony\Component\HttpKernel\Exception\NotFoundHttpException: No route found for "GET /images/photos/509898ff781d6ea60b000000/thumb/1237891258215.jpg" (uncaught exception) at /var/www/social_maps/admin-console/app/cache/prod/classes.php line 5180 [] []
[2012-12-06 15:24:24] request.ERROR: Symfony\Component\HttpKernel\Exception\NotFoundHttpException: No route found for "GET /images/photos/50586624781d6e1b33000000/thumb/453217478660.jpg" (uncaught exception) at /var/www/social_maps/admin-console/app/cache/prod/classes.php line 5180 [] []
[2012-12-06 15:24:26] request.ERROR: Symfony\Component\HttpKernel\Exception\NotFoundHttpException: No route found for "GET /images/photos/509898ff781d6ea60b000000/thumb/658856680507.jpg" (uncaught exception) at /var/www/social_maps/admin-console/app/cache/prod/classes.php line 5180 [] []
[2012-12-06 15:24:26] request.ERROR: Symfony\Component\HttpKernel\Exception\NotFoundHttpException: No route found for "GET /images/photos/50586624781d6e1b33000000/thumb/254357784532.jpg" (uncaught exception) at /var/www/social_maps/admin-console/app/cache/prod/classes.php line 5180 [] []
[2012-12-06 15:24:26] request.ERROR: Symfony\Component\HttpKernel\Exception\NotFoundHttpException: No route found for "GET /images/photos/509898ff781d6ea60b000000/thumb/1118838640640.jpg" (uncaught exception) at /var/www/social_maps/admin-console/app/cache/prod/classes.php line 5180 [] []
[2012-12-06 15:24:26] request.ERROR: Symfony\Component\HttpKernel\Exception\NotFoundHttpException: No route found for "GET /images/photos/509898ff781d6ea60b000000/thumb/1068780657320.jpg" (uncaught exception) at /var/www/social_maps/admin-console/app/cache/prod/classes.php line 5180 [] []
[2012-12-06 15:24:26] request.ERROR: Symfony\Component\HttpKernel\Exception\NotFoundHttpException: No route found for "GET /images/photos/50586624781d6e1b33000000/thumb/428865536893.jpg" (uncaught exception) at /var/www/social_maps/admin-console/app/cache/prod/classes.php line 5180 [] []
[2012-12-06 15:24:26] request.ERROR: Symfony\Component\HttpKernel\Exception\NotFoundHttpException: No route found for "GET /images/photos/509898ff781d6ea60b000000/thumb/813085998717.jpg" (uncaught exception) at /var/www/social_maps/admin-console/app/cache/prod/classes.php line 5180 [] []
[2012-12-06 15:24:26] request.ERROR: Symfony\Component\HttpKernel\Exception\NotFoundHttpException: No route found for "GET /images/photos/50586624781d6e1b33000000/thumb/702188650755.jpg" (uncaught exception) at /var/www/social_maps/admin-console/app/cache/prod/classes.php line 5180 [] []
[2012-12-06 15:24:26] request.ERROR: Symfony\Component\HttpKernel\Exception\NotFoundHttpException: No route found for "GET /images/photos/50586624781d6e1b33000000/thumb/975487629452.jpg" (uncaught exception) at /var/www/social_maps/admin-console/app/cache/prod/classes.php line 5180 [] []
[2012-12-06 15:24:26] request.ERROR: Symfony\Component\HttpKernel\Exception\NotFoundHttpException: No route found for "GET /images/photos/505863e3781d6e5833000000/thumb/751513231725.jpg" (uncaught exception) at /var/www/social_maps/admin-console/app/cache/prod/classes.php line 5180 [] []
[2012-12-08 07:24:42] request.ERROR: Symfony\Component\HttpKernel\Exception\NotFoundHttpException: No route found for "GET /images/photos/508672a1781d6ed40f000000/thumb/189280746760.jpg" (uncaught exception) at /var/www/social_maps/admin-console/app/cache/prod/classes.php line 5180 [] []
[2012-12-08 07:24:42] request.ERROR: Symfony\Component\HttpKernel\Exception\NotFoundHttpException: No route found for "GET /images/photos/508672a1781d6ed40f000000/thumb/620456866002.jpg" (uncaught exception) at /var/www/social_maps/admin-console/app/cache/prod/classes.php line 5180 [] []
[2012-12-08 07:24:42] request.ERROR: Symfony\Component\HttpKernel\Exception\NotFoundHttpException: No route found for "GET /images/photos/508672a1781d6ed40f000000/thumb/980220752400.jpg" (uncaught exception) at /var/www/social_maps/admin-console/app/cache/prod/classes.php line 5180 [] []
[2012-12-08 07:24:42] request.ERROR: Symfony\Component\HttpKernel\Exception\NotFoundHttpException: No route found for "GET /images/photos/50586624781d6e1b33000000/thumb/822036693888.jpg" (uncaught exception) at /var/www/social_maps/admin-console/app/cache/prod/classes.php line 5180 [] []
[2012-12-08 07:24:42] request.ERROR: Symfony\Component\HttpKernel\Exception\NotFoundHttpException: No route found for "GET /images/photos/508672a1781d6ed40f000000/thumb/493482153135.jpg" (uncaught exception) at /var/www/social_maps/admin-console/app/cache/prod/classes.php line 5180 [] []
[2012-12-08 07:24:42] request.ERROR: Symfony\Component\HttpKernel\Exception\NotFoundHttpException: No route found for "GET /images/photos/508672a1781d6ed40f000000/thumb/152748671967.jpg" (uncaught exception) at /var/www/social_maps/admin-console/app/cache/prod/classes.php line 5180 [] []
[2012-12-08 07:24:42] request.ERROR: Symfony\Component\HttpKernel\Exception\NotFoundHttpException: No route found for "GET /" (uncaught exception) at /var/www/social_maps/admin-console/app/cache/prod/classes.php line 5180 [] []
[2012-12-08 07:24:42] request.ERROR: Symfony\Component\HttpKernel\Exception\NotFoundHttpException: No route found for "GET /images/photos/508672a1781d6ed40f000000/thumb/494844488286.jpg" (uncaught exception) at /var/www/social_maps/admin-console/app/cache/prod/classes.php line 5180 [] []
[2012-12-08 07:24:42] request.ERROR: Symfony\Component\HttpKernel\Exception\NotFoundHttpException: No route found for "GET /images/photos/508672a1781d6ed40f000000/thumb/320432149482.jpg" (uncaught exception) at /var/www/social_maps/admin-console/app/cache/prod/classes.php line 5180 [] []
[2012-12-08 07:24:42] request.ERROR: Symfony\Component\HttpKernel\Exception\NotFoundHttpException: No route found for "GET /images/photos/508672a1781d6ed40f000000/thumb/1161397288464.jpg" (uncaught exception) at /var/www/social_maps/admin-console/app/cache/prod/classes.php line 5180 [] []
[2012-12-08 07:24:42] request.ERROR: Symfony\Component\HttpKernel\Exception\NotFoundHttpException: No route found for "GET /images/photos/508672a1781d6ed40f000000/thumb/749027224354.jpg" (uncaught exception) at /var/www/social_maps/admin-console/app/cache/prod/classes.php line 5180 [] []
[2012-12-08 07:24:42] request.ERROR: Symfony\Component\HttpKernel\Exception\NotFoundHttpException: No route found for "GET /images/photos/507e47f0781d6ec93000000e/thumb/438335237664.jpg" (uncaught exception) at /var/www/social_maps/admin-console/app/cache/prod/classes.php line 5180 [] []
[2012-12-08 07:24:42] request.ERROR: Symfony\Component\HttpKernel\Exception\NotFoundHttpException: No route found for "GET /images/photos/509898ff781d6ea60b000000/thumb/1237891258215.jpg" (uncaught exception) at /var/www/social_maps/admin-console/app/cache/prod/classes.php line 5180 [] []
[2012-12-08 07:24:42] request.ERROR: Symfony\Component\HttpKernel\Exception\NotFoundHttpException: No route found for "GET /images/photos/509898ff781d6ea60b000000/thumb/817143644716.jpg" (uncaught exception) at /var/www/social_maps/admin-console/app/cache/prod/classes.php line 5180 [] []
[2012-12-08 07:24:42] request.ERROR: Symfony\Component\HttpKernel\Exception\NotFoundHttpException: No route found for "GET /images/photos/50586624781d6e1b33000000/thumb/453217478660.jpg" (uncaught exception) at /var/www/social_maps/admin-console/app/cache/prod/classes.php line 5180 [] []
[2012-12-08 07:37:05] request.ERROR: Symfony\Component\HttpKernel\Exception\NotFoundHttpException: No route found for "GET /images/photos/508672a1781d6ed40f000000/thumb/493482153135.jpg" (uncaught exception) at /var/www/social_maps/admin-console/app/cache/prod/classes.php line 5180 [] []
[2012-12-08 07:37:05] request.ERROR: Symfony\Component\HttpKernel\Exception\NotFoundHttpException: No route found for "GET /images/photos/508672a1781d6ed40f000000/thumb/189280746760.jpg" (uncaught exception) at /var/www/social_maps/admin-console/app/cache/prod/classes.php line 5180 [] []
[2012-12-08 07:37:05] request.ERROR: Symfony\Component\HttpKernel\Exception\NotFoundHttpException: No route found for "GET /images/photos/508672a1781d6ed40f000000/thumb/152748671967.jpg" (uncaught exception) at /var/www/social_maps/admin-console/app/cache/prod/classes.php line 5180 [] []
[2012-12-08 07:37:05] request.ERROR: Symfony\Component\HttpKernel\Exception\NotFoundHttpException: No route found for "GET /images/photos/508672a1781d6ed40f000000/thumb/980220752400.jpg" (uncaught exception) at /var/www/social_maps/admin-console/app/cache/prod/classes.php line 5180 [] []
[2012-12-08 07:37:05] request.ERROR: Symfony\Component\HttpKernel\Exception\NotFoundHttpException: No route found for "GET /images/photos/508672a1781d6ed40f000000/thumb/1161397288464.jpg" (uncaught exception) at /var/www/social_maps/admin-console/app/cache/prod/classes.php line 5180 [] []
[2012-12-08 07:37:05] request.ERROR: Symfony\Component\HttpKernel\Exception\NotFoundHttpException: No route found for "GET /images/photos/50586624781d6e1b33000000/thumb/822036693888.jpg" (uncaught exception) at /var/www/social_maps/admin-console/app/cache/prod/classes.php line 5180 [] []
[2012-12-08 07:37:05] request.ERROR: Symfony\Component\HttpKernel\Exception\NotFoundHttpException: No route found for "GET /images/photos/508672a1781d6ed40f000000/thumb/620456866002.jpg" (uncaught exception) at /var/www/social_maps/admin-console/app/cache/prod/classes.php line 5180 [] []
[2012-12-08 07:37:05] request.ERROR: Symfony\Component\HttpKernel\Exception\NotFoundHttpException: No route found for "GET /" (uncaught exception) at /var/www/social_maps/admin-console/app/cache/prod/classes.php line 5180 [] []
[2012-12-08 07:37:05] request.ERROR: Symfony\Component\HttpKernel\Exception\NotFoundHttpException: No route found for "GET /images/photos/508672a1781d6ed40f000000/thumb/494844488286.jpg" (uncaught exception) at /var/www/social_maps/admin-console/app/cache/prod/classes.php line 5180 [] []
[2012-12-08 07:37:05] request.ERROR: Symfony\Component\HttpKernel\Exception\NotFoundHttpException: No route found for "GET /images/photos/508672a1781d6ed40f000000/thumb/320432149482.jpg" (uncaught exception) at /var/www/social_maps/admin-console/app/cache/prod/classes.php line 5180 [] []
[2012-12-08 07:37:05] request.ERROR: Symfony\Component\HttpKernel\Exception\NotFoundHttpException: No route found for "GET /images/photos/507e47f0781d6ec93000000e/thumb/438335237664.jpg" (uncaught exception) at /var/www/social_maps/admin-console/app/cache/prod/classes.php line 5180 [] []
[2012-12-08 07:37:05] request.ERROR: Symfony\Component\HttpKernel\Exception\NotFoundHttpException: No route found for "GET /images/photos/508672a1781d6ed40f000000/thumb/749027224354.jpg" (uncaught exception) at /var/www/social_maps/admin-console/app/cache/prod/classes.php line 5180 [] []
[2012-12-08 07:37:05] request.ERROR: Symfony\Component\HttpKernel\Exception\NotFoundHttpException: No route found for "GET /images/photos/50586624781d6e1b33000000/thumb/453217478660.jpg" (uncaught exception) at /var/www/social_maps/admin-console/app/cache/prod/classes.php line 5180 [] []
[2012-12-08 07:37:05] request.ERROR: Symfony\Component\HttpKernel\Exception\NotFoundHttpException: No route found for "GET /images/photos/509898ff781d6ea60b000000/thumb/1237891258215.jpg" (uncaught exception) at /var/www/social_maps/admin-console/app/cache/prod/classes.php line 5180 [] []
[2012-12-08 07:37:05] request.ERROR: Symfony\Component\HttpKernel\Exception\NotFoundHttpException: No route found for "GET /images/photos/509898ff781d6ea60b000000/thumb/817143644716.jpg" (uncaught exception) at /var/www/social_maps/admin-console/app/cache/prod/classes.php line 5180 [] []
[2012-12-09 07:42:39] request.ERROR: Symfony\Component\HttpKernel\Exception\NotFoundHttpException: No route found for "GET /images/photos/508672a1781d6ed40f000000/thumb/189280746760.jpg" (uncaught exception) at /var/www/social_maps/admin-console/app/cache/prod/classes.php line 5180 [] []
[2012-12-09 07:42:39] request.ERROR: Symfony\Component\HttpKernel\Exception\NotFoundHttpException: No route found for "GET /images/photos/508672a1781d6ed40f000000/thumb/620456866002.jpg" (uncaught exception) at /var/www/social_maps/admin-console/app/cache/prod/classes.php line 5180 [] []
[2012-12-09 07:42:39] request.ERROR: Symfony\Component\HttpKernel\Exception\NotFoundHttpException: No route found for "GET /images/photos/508672a1781d6ed40f000000/thumb/152748671967.jpg" (uncaught exception) at /var/www/social_maps/admin-console/app/cache/prod/classes.php line 5180 [] []
[2012-12-09 07:42:39] request.ERROR: Symfony\Component\HttpKernel\Exception\NotFoundHttpException: No route found for "GET /images/photos/50586624781d6e1b33000000/thumb/822036693888.jpg" (uncaught exception) at /var/www/social_maps/admin-console/app/cache/prod/classes.php line 5180 [] []
[2012-12-09 07:42:39] request.ERROR: Symfony\Component\HttpKernel\Exception\NotFoundHttpException: No route found for "GET /images/photos/508672a1781d6ed40f000000/thumb/493482153135.jpg" (uncaught exception) at /var/www/social_maps/admin-console/app/cache/prod/classes.php line 5180 [] []
[2012-12-09 07:42:39] request.ERROR: Symfony\Component\HttpKernel\Exception\NotFoundHttpException: No route found for "GET /images/photos/508672a1781d6ed40f000000/thumb/980220752400.jpg" (uncaught exception) at /var/www/social_maps/admin-console/app/cache/prod/classes.php line 5180 [] []
[2012-12-09 07:42:39] request.ERROR: Symfony\Component\HttpKernel\Exception\NotFoundHttpException: No route found for "GET /images/photos/508672a1781d6ed40f000000/thumb/1161397288464.jpg" (uncaught exception) at /var/www/social_maps/admin-console/app/cache/prod/classes.php line 5180 [] []
[2012-12-09 07:42:40] request.ERROR: Symfony\Component\HttpKernel\Exception\NotFoundHttpException: No route found for "GET /images/photos/508672a1781d6ed40f000000/thumb/320432149482.jpg" (uncaught exception) at /var/www/social_maps/admin-console/app/cache/prod/classes.php line 5180 [] []
[2012-12-09 07:42:40] request.ERROR: Symfony\Component\HttpKernel\Exception\NotFoundHttpException: No route found for "GET /images/photos/508672a1781d6ed40f000000/thumb/749027224354.jpg" (uncaught exception) at /var/www/social_maps/admin-console/app/cache/prod/classes.php line 5180 [] []
[2012-12-09 07:42:40] request.ERROR: Symfony\Component\HttpKernel\Exception\NotFoundHttpException: No route found for "GET /" (uncaught exception) at /var/www/social_maps/admin-console/app/cache/prod/classes.php line 5180 [] []
[2012-12-09 07:42:40] request.ERROR: Symfony\Component\HttpKernel\Exception\NotFoundHttpException: No route found for "GET /images/photos/509898ff781d6ea60b000000/thumb/1237891258215.jpg" (uncaught exception) at /var/www/social_maps/admin-console/app/cache/prod/classes.php line 5180 [] []
[2012-12-09 07:42:40] request.ERROR: Symfony\Component\HttpKernel\Exception\NotFoundHttpException: No route found for "GET /images/photos/508672a1781d6ed40f000000/thumb/494844488286.jpg" (uncaught exception) at /var/www/social_maps/admin-console/app/cache/prod/classes.php line 5180 [] []
[2012-12-09 07:42:40] request.ERROR: Symfony\Component\HttpKernel\Exception\NotFoundHttpException: No route found for "GET /images/photos/507e47f0781d6ec93000000e/thumb/438335237664.jpg" (uncaught exception) at /var/www/social_maps/admin-console/app/cache/prod/classes.php line 5180 [] []
[2012-12-09 07:42:40] request.ERROR: Symfony\Component\HttpKernel\Exception\NotFoundHttpException: No route found for "GET /images/photos/509898ff781d6ea60b000000/thumb/817143644716.jpg" (uncaught exception) at /var/www/social_maps/admin-console/app/cache/prod/classes.php line 5180 [] []
[2012-12-09 07:42:40] request.ERROR: Symfony\Component\HttpKernel\Exception\NotFoundHttpException: No route found for "GET /images/photos/50586624781d6e1b33000000/thumb/453217478660.jpg" (uncaught exception) at /var/www/social_maps/admin-console/app/cache/prod/classes.php line 5180 [] []
